<?xml version="1.0" encoding="UTF-8"?>
<!-- Generated by org.testng.reporters.JUnitReportReporter -->
<testsuite hostname="DESKTOP-UA1CCT0" failures="0" tests="4" name="testCases.LoginPageTest" time="68.908" errors="0" timestamp="2022-07-21T20:11:57 IST" skipped="0">
  <testcase classname="testCases.LoginPageTest" name="verifyKiteLogoTest" time="14.979"/>
  <system-out>
    <![CDATA[kite logo istrue]]>
  </system-out>
  <testcase classname="testCases.LoginPageTest" name="verifyZerodhaLogo" time="14.716"/>
  <system-out>
    <![CDATA[zerodha logo istrue]]>
  </system-out>
  <testcase classname="testCases.LoginPageTest" name="LoginZerodhaAccountTest" time="25.737"/>
  <system-out/>
  <testcase classname="testCases.LoginPageTest" name="verifyLoginPageTitleTest" time="13.476"/>
  <system-out>
    <![CDATA[Title = Kite - Zerodha's fast and elegant flagship trading platform]]>
  </system-out>
</testsuite> <!-- testCases.LoginPageTest -->
