<?xml version="1.0" encoding="UTF-8"?>
<!-- Generated by org.testng.reporters.JUnitReportReporter -->
<testsuite hostname="DESKTOP-UA1CCT0" failures="0" tests="1" name="testCases.HardAssertion" time="0.018" errors="0" timestamp="2022-06-24T11:58:36 IST" skipped="0">
  <testcase classname="testCases.HardAssertion" name="method5" time="0.018"/>
  <system-out/>
</testsuite> <!-- testCases.HardAssertion -->
