<?xml version="1.0" encoding="UTF-8"?>
<!-- Generated by org.testng.reporters.JUnitReportReporter -->
<testsuite hostname="DESKTOP-UA1CCT0" failures="0" tests="3" name="testCases.EnableMethod" time="17.541" errors="0" timestamp="2022-07-21T16:04:03 IST" skipped="1">
  <testcase classname="testCases.EnableMethod" name="LoginZerodhaAcc" time="13.291"/>
  <system-out/>
  <testcase classname="testCases.EnableMethod" name="verifyZerodhaLogoTest" time="4.250"/>
  <system-out>
    <![CDATA[ZerodhaLogotrue]]>
  </system-out>
  <testcase classname="testCases.EnableMethod" name="verifyKiteLogoTest">
    <skipped/>
  </testcase> <!-- verifyKiteLogoTest -->
  <system-out/>
</testsuite> <!-- testCases.EnableMethod -->
