<?xml version="1.0" encoding="UTF-8"?>
<!-- Generated by org.testng.reporters.JUnitReportReporter -->
<testsuite hostname="DESKTOP-UA1CCT0" failures="0" tests="4" name="testCases.Priority" time="0.025" errors="0" timestamp="2022-07-22T09:43:29 IST" skipped="0">
  <testcase classname="testCases.Priority" name="method2" time="0.007"/>
  <system-out/>
  <testcase classname="testCases.Priority" name="method5" time="0.004"/>
  <system-out/>
  <testcase classname="testCases.Priority" name="method4" time="0.012"/>
  <system-out/>
  <testcase classname="testCases.Priority" name="method51" time="0.002"/>
  <system-out/>
</testsuite> <!-- testCases.Priority -->
